2025-09-10 12:01:25 INFO Application starting...
2025-09-10 12:01:26 INFO Loading configuration
2025-09-10 12:01:27 WARN Configuration file not found, using defaults
2025-09-10 12:01:30 INFO Database connection established
2025-09-10 12:01:45 INFO User login successful
2025-09-10 12:01:50 ERROR Database connection failed
2025-09-10 12:01:51 WARN Low disk space on /var
2025-09-10 12:01:55 INFO Retry database connection
2025-09-10 12:01:56 ERROR Database connection failed
2025-09-10 12:02:00 INFO Processing request ID 12345
2025-09-10 12:02:01 WARN High memory usage detected
2025-09-10 12:02:05 ERROR Timeout while reading request
2025-09-10 12:02:10 INFO Processing request ID 12346
2025-09-10 12:02:15 ERROR Timeout while reading request
2025-09-10 12:02:15 ERROR Timeout while reading request
2025-09-10 12:02:15 ERROR Timeout while reading request
2025-09-10 12:02:15 ERROR Timeout while reading request
2025-09-10 12:02:15 ERROR Timeout while reading request
2025-09-10 12:02:15 ERROR Timeout while reading request
2025-09-10 12:02:20 INFO Application shutdown initiated
2025-09-10 12:02:21 ERROR Database connection failed
2025-09-10 12:02:22 INFO Cleanup completed
2025-09-10 12:00:01 INFO Application starting...
2025-09-10 12:00:02 INFO Loading configuration
2025-09-10 12:00:03 WARN Configuration file not found, using defaults
2025-09-10 12:00:05 INFO Initializing modules
2025-09-10 12:00:06 INFO Module auth loaded
2025-09-10 12:00:07 INFO Module database loaded
2025-09-10 12:00:08 INFO Module cache loaded
2025-09-10 12:00:09 INFO Connecting to database
2025-09-10 12:00:10 ERROR Database connection failed
2025-09-10 12:00:11 INFO Retrying database connection
2025-09-10 12:00:12 ERROR Database connection failed
2025-09-10 12:00:13 WARN Database retry attempt slow
2025-09-10 12:00:14 INFO Retrying database connection
2025-09-10 12:00:15 INFO Database connection established
